[2018-12-29 16:43:55.782] [exthost] [info] extension host started
[2018-12-29 16:43:55.807] [exthost] [info] ExtensionService#_doActivateExtension vscode.debug-auto-launch {"startup":true,"activationEvent":"*"}
[2018-12-29 16:43:55.808] [exthost] [info] ExtensionService#loadCommonJSModule /usr/lib/code/extensions/debug-auto-launch/dist/extension
[2018-12-29 16:43:55.813] [exthost] [info] ExtensionService#_doActivateExtension vscode.emmet {"startup":true,"activationEvent":"*"}
[2018-12-29 16:43:55.813] [exthost] [info] ExtensionService#loadCommonJSModule /usr/lib/code/extensions/emmet/dist/extension
[2018-12-29 16:43:55.832] [exthost] [info] ExtensionService#_doActivateExtension vscode.git {"startup":true,"activationEvent":"*"}
[2018-12-29 16:43:55.832] [exthost] [info] ExtensionService#loadCommonJSModule /usr/lib/code/extensions/git/dist/main
[2018-12-29 16:43:55.933] [exthost] [info] ExtensionService#_doActivateExtension vscode.merge-conflict {"startup":true,"activationEvent":"*"}
[2018-12-29 16:43:55.933] [exthost] [info] ExtensionService#loadCommonJSModule /usr/lib/code/extensions/merge-conflict/dist/extension
[2018-12-29 16:43:55.939] [exthost] [info] ExtensionService#_doActivateExtension eamodio.gitlens {"startup":true,"activationEvent":"*"}
[2018-12-29 16:43:55.939] [exthost] [info] ExtensionService#loadCommonJSModule /home/john/.vscode-oss/extensions/eamodio.gitlens-9.1.0/dist/extension
[2018-12-29 16:43:56.044] [exthost] [info] ExtensionService#_doActivateExtension naumovs.color-highlight {"startup":true,"activationEvent":"*"}
[2018-12-29 16:43:56.044] [exthost] [info] ExtensionService#loadCommonJSModule /home/john/.vscode-oss/extensions/naumovs.color-highlight-2.3.0/dist/extension
[2018-12-29 16:43:56.073] [exthost] [info] ExtensionService#_doActivateExtension PKief.material-icon-theme {"startup":true,"activationEvent":"*"}
[2018-12-29 16:43:56.073] [exthost] [info] ExtensionService#loadCommonJSModule /home/john/.vscode-oss/extensions/pkief.material-icon-theme-3.6.2/out/src/extension
[2018-12-29 16:43:56.107] [exthost] [info] ExtensionService#_doActivateExtension Yummygum.city-lights-icon-vsc {"startup":true,"activationEvent":"*"}
[2018-12-29 16:43:56.107] [exthost] [info] ExtensionService#loadCommonJSModule /home/john/.vscode-oss/extensions/yummygum.city-lights-icon-vsc-1.1.3/out/src/extension
[2018-12-29 16:43:56.163] [exthost] [info] eager extensions activated
[2018-12-29 16:44:00.303] [exthost] [info] ExtensionService#_doActivateExtension ms-vscode.Go {"startup":false,"activationEvent":"onLanguage:go"}
[2018-12-29 16:44:00.303] [exthost] [info] ExtensionService#loadCommonJSModule /home/john/.vscode-oss/extensions/ms-vscode.go-0.8.0/out/src/goMain
[2018-12-29 16:44:06.104] [exthost] [info] ExtensionService#_doActivateExtension vscode.extension-editing {"startup":false,"activationEvent":"onLanguage:markdown"}
[2018-12-29 16:44:06.104] [exthost] [info] ExtensionService#loadCommonJSModule /usr/lib/code/extensions/extension-editing/dist/extension
[2018-12-29 16:44:06.144] [exthost] [info] ExtensionService#_doActivateExtension vscode.markdown-language-features {"startup":false,"activationEvent":"onLanguage:markdown"}
[2018-12-29 16:44:06.144] [exthost] [info] ExtensionService#loadCommonJSModule /usr/lib/code/extensions/markdown-language-features/dist/extension
[2018-12-29 16:44:06.631] [exthost] [info] ExtensionService#_doActivateExtension vscode.configuration-editing {"startup":false,"activationEvent":"onLanguage:json"}
[2018-12-29 16:44:06.631] [exthost] [info] ExtensionService#loadCommonJSModule /usr/lib/code/extensions/configuration-editing/dist/extension
[2018-12-29 16:44:06.638] [exthost] [info] ExtensionService#_doActivateExtension vscode.json-language-features {"startup":false,"activationEvent":"onLanguage:json"}
[2018-12-29 16:44:06.638] [exthost] [info] ExtensionService#loadCommonJSModule /usr/lib/code/extensions/json-language-features/client/dist/jsonMain
[2018-12-29 16:44:06.692] [exthost] [info] ExtensionService#_doActivateExtension vscode.npm {"startup":false,"activationEvent":"onLanguage:json"}
[2018-12-29 16:44:06.692] [exthost] [info] ExtensionService#loadCommonJSModule /usr/lib/code/extensions/npm/dist/main
[2018-12-29 16:44:07.187] [exthost] [info] ExtensionService#_doActivateExtension vscode.typescript-language-features {"startup":false,"activationEvent":"onLanguage:jsonc"}
[2018-12-29 16:44:07.187] [exthost] [info] ExtensionService#loadCommonJSModule /usr/lib/code/extensions/typescript-language-features/dist/extension
