[2018-12-22 21:43:11.316] [main] [info] update#ctor - updates are disabled
[2018-12-22 21:44:03.363] [main] [error] [uncaught exception in main]: TypeError: Error processing argument at index 11, conversion failure from undefined
[2018-12-22 21:44:03.363] [main] [error] TypeError: Error processing argument at index 11, conversion failure from undefined
    at Object.showMessageBox (/usr/lib/electron2/resources/electron.asar/browser/api/dialog.js:277:20)
    at /usr/lib/code/out/vs/code/electron-main/main.js:476:461
    at new n.Class.derive._oncancel (/usr/lib/code/out/vs/code/electron-main/main.js:108:460)
    at Object.factory (/usr/lib/code/out/vs/code/electron-main/main.js:476:423)
    at t.e.consume (/usr/lib/code/out/vs/code/electron-main/main.js:134:624)
    at /usr/lib/code/out/vs/code/electron-main/main.js:134:411
    at new n.Class.derive._oncancel (/usr/lib/code/out/vs/code/electron-main/main.js:108:460)
    at t.e.queue (/usr/lib/code/out/vs/code/electron-main/main.js:134:332)
    at e.showMessageBox (/usr/lib/code/out/vs/code/electron-main/main.js:476:399)
    at e.doExtractPathsFromAPI (/usr/lib/code/out/vs/code/electron-main/main.js:460:254)
    at e.getPathsToOpen (/usr/lib/code/out/vs/code/electron-main/main.js:459:211)
    at e.open (/usr/lib/code/out/vs/code/electron-main/main.js:453:185)
    at /usr/lib/code/out/vs/code/electron-main/main.js:474:967
    at Object.v [as _notify] (/usr/lib/code/out/vs/code/electron-main/main.js:101:572)
    at Object.enter (/usr/lib/code/out/vs/code/electron-main/main.js:104:924)
    at n.Class.derive._oncancel._run (/usr/lib/code/out/vs/code/electron-main/main.js:106:790)
    at n.Class.derive._oncancel._completed (/usr/lib/code/out/vs/code/electron-main/main.js:106:231)
    at Object.v [as _notify] (/usr/lib/code/out/vs/code/electron-main/main.js:101:572)
    at Object.enter (/usr/lib/code/out/vs/code/electron-main/main.js:104:924)
    at n.Class.derive._oncancel._run (/usr/lib/code/out/vs/code/electron-main/main.js:106:790)
    at n.Class.derive._oncancel._completed (/usr/lib/code/out/vs/code/electron-main/main.js:106:231)
    at /usr/lib/code/out/vs/code/electron-main/main.js:477:101
    at Function.wrappedCallback (/usr/lib/electron2/resources/electron.asar/browser/api/dialog.js:130:24)
[2018-12-22 21:44:14.457] [main] [error] [uncaught exception in main]: TypeError: Error processing argument at index 11, conversion failure from undefined
[2018-12-22 21:44:14.457] [main] [error] TypeError: Error processing argument at index 11, conversion failure from undefined
    at Object.showMessageBox (/usr/lib/electron2/resources/electron.asar/browser/api/dialog.js:277:20)
    at /usr/lib/code/out/vs/code/electron-main/main.js:476:461
    at new n.Class.derive._oncancel (/usr/lib/code/out/vs/code/electron-main/main.js:108:460)
    at Object.factory (/usr/lib/code/out/vs/code/electron-main/main.js:476:423)
    at t.e.consume (/usr/lib/code/out/vs/code/electron-main/main.js:134:624)
    at /usr/lib/code/out/vs/code/electron-main/main.js:134:411
    at new n.Class.derive._oncancel (/usr/lib/code/out/vs/code/electron-main/main.js:108:460)
    at t.e.queue (/usr/lib/code/out/vs/code/electron-main/main.js:134:332)
    at e.showMessageBox (/usr/lib/code/out/vs/code/electron-main/main.js:476:399)
    at e.doExtractPathsFromAPI (/usr/lib/code/out/vs/code/electron-main/main.js:460:254)
    at e.getPathsToOpen (/usr/lib/code/out/vs/code/electron-main/main.js:459:211)
    at e.open (/usr/lib/code/out/vs/code/electron-main/main.js:453:185)
    at /usr/lib/code/out/vs/code/electron-main/main.js:474:967
    at Object.v [as _notify] (/usr/lib/code/out/vs/code/electron-main/main.js:101:572)
    at Object.enter (/usr/lib/code/out/vs/code/electron-main/main.js:104:924)
    at n.Class.derive._oncancel._run (/usr/lib/code/out/vs/code/electron-main/main.js:106:790)
    at n.Class.derive._oncancel._completed (/usr/lib/code/out/vs/code/electron-main/main.js:106:231)
    at Object.v [as _notify] (/usr/lib/code/out/vs/code/electron-main/main.js:101:572)
    at Object.enter (/usr/lib/code/out/vs/code/electron-main/main.js:104:924)
    at n.Class.derive._oncancel._run (/usr/lib/code/out/vs/code/electron-main/main.js:106:790)
    at n.Class.derive._oncancel._completed (/usr/lib/code/out/vs/code/electron-main/main.js:106:231)
    at /usr/lib/code/out/vs/code/electron-main/main.js:477:101
    at Function.wrappedCallback (/usr/lib/electron2/resources/electron.asar/browser/api/dialog.js:130:24)
