[2018-12-27 22:48:21.539] [exthost] [info] extension host started
[2018-12-27 22:48:21.561] [exthost] [info] ExtensionService#_doActivateExtension vscode.debug-auto-launch {"startup":true,"activationEvent":"*"}
[2018-12-27 22:48:21.561] [exthost] [info] ExtensionService#loadCommonJSModule /usr/lib/code/extensions/debug-auto-launch/dist/extension
[2018-12-27 22:48:21.566] [exthost] [info] ExtensionService#_doActivateExtension vscode.emmet {"startup":true,"activationEvent":"*"}
[2018-12-27 22:48:21.566] [exthost] [info] ExtensionService#loadCommonJSModule /usr/lib/code/extensions/emmet/dist/extension
[2018-12-27 22:48:21.587] [exthost] [info] ExtensionService#_doActivateExtension vscode.git {"startup":true,"activationEvent":"*"}
[2018-12-27 22:48:21.587] [exthost] [info] ExtensionService#loadCommonJSModule /usr/lib/code/extensions/git/dist/main
[2018-12-27 22:48:21.689] [exthost] [info] ExtensionService#_doActivateExtension vscode.merge-conflict {"startup":true,"activationEvent":"*"}
[2018-12-27 22:48:21.689] [exthost] [info] ExtensionService#loadCommonJSModule /usr/lib/code/extensions/merge-conflict/dist/extension
[2018-12-27 22:48:21.695] [exthost] [info] ExtensionService#_doActivateExtension eamodio.gitlens {"startup":true,"activationEvent":"*"}
[2018-12-27 22:48:21.695] [exthost] [info] ExtensionService#loadCommonJSModule /home/john/.vscode-oss/extensions/eamodio.gitlens-9.1.0/dist/extension
[2018-12-27 22:48:21.799] [exthost] [info] ExtensionService#_doActivateExtension naumovs.color-highlight {"startup":true,"activationEvent":"*"}
[2018-12-27 22:48:21.799] [exthost] [info] ExtensionService#loadCommonJSModule /home/john/.vscode-oss/extensions/naumovs.color-highlight-2.3.0/dist/extension
[2018-12-27 22:48:21.826] [exthost] [info] ExtensionService#_doActivateExtension PKief.material-icon-theme {"startup":true,"activationEvent":"*"}
[2018-12-27 22:48:21.826] [exthost] [info] ExtensionService#loadCommonJSModule /home/john/.vscode-oss/extensions/pkief.material-icon-theme-3.6.2/out/src/extension
[2018-12-27 22:48:21.857] [exthost] [info] ExtensionService#_doActivateExtension Yummygum.city-lights-icon-vsc {"startup":true,"activationEvent":"*"}
[2018-12-27 22:48:21.857] [exthost] [info] ExtensionService#loadCommonJSModule /home/john/.vscode-oss/extensions/yummygum.city-lights-icon-vsc-1.1.3/out/src/extension
[2018-12-27 22:48:21.911] [exthost] [info] eager extensions activated
[2018-12-27 22:48:23.203] [exthost] [info] ExtensionService#_doActivateExtension ms-vscode.Go {"startup":false,"activationEvent":"onLanguage:go"}
[2018-12-27 22:48:23.203] [exthost] [info] ExtensionService#loadCommonJSModule /home/john/.vscode-oss/extensions/ms-vscode.go-0.8.0/out/src/goMain
[2018-12-27 22:48:59.436] [exthost] [info] ExtensionService#_doActivateExtension vscode.configuration-editing {"startup":false,"activationEvent":"onLanguage:jsonc"}
[2018-12-27 22:48:59.436] [exthost] [info] ExtensionService#loadCommonJSModule /usr/lib/code/extensions/configuration-editing/dist/extension
[2018-12-27 22:48:59.446] [exthost] [info] ExtensionService#_doActivateExtension vscode.json-language-features {"startup":false,"activationEvent":"onLanguage:jsonc"}
[2018-12-27 22:48:59.447] [exthost] [info] ExtensionService#loadCommonJSModule /usr/lib/code/extensions/json-language-features/client/dist/jsonMain
[2018-12-27 22:48:59.506] [exthost] [info] ExtensionService#_doActivateExtension vscode.typescript-language-features {"startup":false,"activationEvent":"onLanguage:jsonc"}
[2018-12-27 22:48:59.506] [exthost] [info] ExtensionService#loadCommonJSModule /usr/lib/code/extensions/typescript-language-features/dist/extension
