[2018-12-28 10:41:04.627] [exthost] [info] extension host started
[2018-12-28 10:41:04.650] [exthost] [info] ExtensionService#_doActivateExtension vscode.debug-auto-launch {"startup":true,"activationEvent":"*"}
[2018-12-28 10:41:04.650] [exthost] [info] ExtensionService#loadCommonJSModule /usr/lib/code/extensions/debug-auto-launch/dist/extension
[2018-12-28 10:41:04.656] [exthost] [info] ExtensionService#_doActivateExtension vscode.emmet {"startup":true,"activationEvent":"*"}
[2018-12-28 10:41:04.656] [exthost] [info] ExtensionService#loadCommonJSModule /usr/lib/code/extensions/emmet/dist/extension
[2018-12-28 10:41:04.673] [exthost] [info] ExtensionService#_doActivateExtension vscode.git {"startup":true,"activationEvent":"*"}
[2018-12-28 10:41:04.673] [exthost] [info] ExtensionService#loadCommonJSModule /usr/lib/code/extensions/git/dist/main
[2018-12-28 10:41:04.781] [exthost] [info] ExtensionService#_doActivateExtension vscode.merge-conflict {"startup":true,"activationEvent":"*"}
[2018-12-28 10:41:04.781] [exthost] [info] ExtensionService#loadCommonJSModule /usr/lib/code/extensions/merge-conflict/dist/extension
[2018-12-28 10:41:04.789] [exthost] [info] ExtensionService#_doActivateExtension eamodio.gitlens {"startup":true,"activationEvent":"*"}
[2018-12-28 10:41:04.789] [exthost] [info] ExtensionService#loadCommonJSModule /home/john/.vscode-oss/extensions/eamodio.gitlens-9.1.0/dist/extension
[2018-12-28 10:41:04.899] [exthost] [info] ExtensionService#_doActivateExtension naumovs.color-highlight {"startup":true,"activationEvent":"*"}
[2018-12-28 10:41:04.899] [exthost] [info] ExtensionService#loadCommonJSModule /home/john/.vscode-oss/extensions/naumovs.color-highlight-2.3.0/dist/extension
[2018-12-28 10:41:04.928] [exthost] [info] ExtensionService#_doActivateExtension PKief.material-icon-theme {"startup":true,"activationEvent":"*"}
[2018-12-28 10:41:04.928] [exthost] [info] ExtensionService#loadCommonJSModule /home/john/.vscode-oss/extensions/pkief.material-icon-theme-3.6.2/out/src/extension
[2018-12-28 10:41:04.963] [exthost] [info] ExtensionService#_doActivateExtension Yummygum.city-lights-icon-vsc {"startup":true,"activationEvent":"*"}
[2018-12-28 10:41:04.963] [exthost] [info] ExtensionService#loadCommonJSModule /home/john/.vscode-oss/extensions/yummygum.city-lights-icon-vsc-1.1.3/out/src/extension
[2018-12-28 10:41:05.023] [exthost] [info] eager extensions activated
[2018-12-28 10:41:11.738] [exthost] [info] ExtensionService#_doActivateExtension ms-vscode.Go {"startup":false,"activationEvent":"onLanguage:go"}
[2018-12-28 10:41:11.738] [exthost] [info] ExtensionService#loadCommonJSModule /home/john/.vscode-oss/extensions/ms-vscode.go-0.8.0/out/src/goMain
