[2018-12-27 22:48:21.449] [renderer1] [info] no standard startup: not the explorer viewlet
[2018-12-27 22:49:55.713] [renderer1] [error] Model is disposed!: Error: Model is disposed!
    at o._assertNotDisposed (file:///usr/lib/code/out/vs/workbench/workbench.main.js:1180:69)
    at o.getLineCount (file:///usr/lib/code/out/vs/workbench/workbench.main.js:1187:136)
    at t.writeResultGroups (file:///usr/lib/code/out/vs/workbench/workbench.main.js:3864:559)
    at t.update (file:///usr/lib/code/out/vs/workbench/workbench.main.js:3864:125)
    at t.updateResultGroup (file:///usr/lib/code/out/vs/workbench/workbench.main.js:3854:174)
    at file:///usr/lib/code/out/vs/workbench/workbench.main.js:4119:322
    at n.Class.define.cancel.then (file:///usr/lib/code/out/vs/workbench/workbench.main.js:169:517)
    at t._filterOrSearchPreferencesModel (file:///usr/lib/code/out/vs/workbench/workbench.main.js:4119:256)
    at t._filterOrSearchPreferences (file:///usr/lib/code/out/vs/workbench/workbench.main.js:4118:723)
    at t.filterOrSearchPreferences (file:///usr/lib/code/out/vs/workbench/workbench.main.js:4116:201)
    at t.localFilterPreferences (file:///usr/lib/code/out/vs/workbench/workbench.main.js:4115:917)
    at file:///usr/lib/code/out/vs/workbench/workbench.main.js:4109:545
    at file:///usr/lib/code/out/vs/workbench/workbench.main.js:214:646
    at Object.g [as _notify] (file:///usr/lib/code/out/vs/workbench/workbench.main.js:162:971)
    at Object.enter (file:///usr/lib/code/out/vs/workbench/workbench.main.js:166:277)
    at n.Class.derive._oncancel._run (file:///usr/lib/code/out/vs/workbench/workbench.main.js:168:100)
    at n.Class.derive._oncancel._completed (file:///usr/lib/code/out/vs/workbench/workbench.main.js:167:559)
    at file:///usr/lib/code/out/vs/workbench/workbench.main.js:214:705
