/home/john/go/src>Finished running tool: /home/john/go/bin/golint

/home/john/go/src>Finished running tool: /usr/bin/go build -i -o /tmp/vscode-go2ZDkW4/go-code-check 

/home/john/go/src>Finished running tool: /usr/bin/go vet ./...
/home/john/go/src/golang.org/x/tools/cmd/html2article/conv.go:21: cannot find package "golang.org/x/net/html" in any of:
/home/john/go/src/golang.org/x/tools/cmd/html2article/conv.go:22: cannot find package "golang.org/x/net/html/atom" in any of:
/home/john/go/src/golang.org/x/tools/playground/socket/socket.go:37: cannot find package "golang.org/x/net/websocket" in any of:

/home/john/go/src>Finished running tool: /home/john/go/bin/golint

/home/john/go/src>Finished running tool: /usr/bin/go build -i -o /tmp/vscode-go2ZDkW4/go-code-check 

/home/john/go/src>Finished running tool: /usr/bin/go vet ./...
/home/john/go/src/golang.org/x/tools/cmd/html2article/conv.go:21: cannot find package "golang.org/x/net/html" in any of:
/home/john/go/src/golang.org/x/tools/cmd/html2article/conv.go:22: cannot find package "golang.org/x/net/html/atom" in any of:
/home/john/go/src/golang.org/x/tools/playground/socket/socket.go:37: cannot find package "golang.org/x/net/websocket" in any of:

/home/john/go/src>Finished running tool: /home/john/go/bin/golint

/home/john/go/src>Finished running tool: /usr/bin/go build -i -o /tmp/vscode-go2ZDkW4/go-code-check 

/home/john/go/src>Finished running tool: /usr/bin/go vet ./...
/home/john/go/src/golang.org/x/tools/cmd/html2article/conv.go:21: cannot find package "golang.org/x/net/html" in any of:
/home/john/go/src/golang.org/x/tools/cmd/html2article/conv.go:22: cannot find package "golang.org/x/net/html/atom" in any of:
/home/john/go/src/golang.org/x/tools/playground/socket/socket.go:37: cannot find package "golang.org/x/net/websocket" in any of:

/home/john/go/src>Finished running tool: /home/john/go/bin/golint

/home/john/go/src>Finished running tool: /usr/bin/go build -i -o /tmp/vscode-go2ZDkW4/go-code-check 

/home/john/go/src>Finished running tool: /usr/bin/go vet ./...
/home/john/go/src/golang.org/x/net/html/charset/charset.go:20: cannot find package "golang.org/x/text/encoding" in any of:
/home/john/go/src/golang.org/x/net/html/charset/charset.go:21: cannot find package "golang.org/x/text/encoding/charmap" in any of:
/home/john/go/src/golang.org/x/net/html/charset/charset.go:22: cannot find package "golang.org/x/text/encoding/htmlindex" in any of:
/home/john/go/src/golang.org/x/net/html/charset/charset.go:23: cannot find package "golang.org/x/text/transform" in any of:
/home/john/go/src/golang.org/x/net/idna/idna.go:23: cannot find package "golang.org/x/text/secure/bidirule" in any of:
/home/john/go/src/golang.org/x/net/idna/idna.go:24: cannot find package "golang.org/x/text/unicode/bidi" in any of:
/home/john/go/src/golang.org/x/net/idna/idna.go:25: cannot find package "golang.org/x/text/unicode/norm" in any of:
/home/john/go/src/golang.org/x/net/http2/h2i/h2i.go:38: cannot find package "golang.org/x/crypto/ssh/terminal" in any of:

/home/john/go/src>Finished running tool: /home/john/go/bin/golint

/home/john/go/src>Finished running tool: /usr/bin/go build -i -o /tmp/vscode-go2ZDkW4/go-code-check 

/home/john/go/src>Finished running tool: /usr/bin/go vet ./...
/home/john/go/src/golang.org/x/net/html/charset/charset.go:20: cannot find package "golang.org/x/text/encoding" in any of:
/home/john/go/src/golang.org/x/net/html/charset/charset.go:21: cannot find package "golang.org/x/text/encoding/charmap" in any of:
/home/john/go/src/golang.org/x/net/html/charset/charset.go:22: cannot find package "golang.org/x/text/encoding/htmlindex" in any of:
/home/john/go/src/golang.org/x/net/html/charset/charset.go:23: cannot find package "golang.org/x/text/transform" in any of:
/home/john/go/src/golang.org/x/net/idna/idna.go:23: cannot find package "golang.org/x/text/secure/bidirule" in any of:
/home/john/go/src/golang.org/x/net/idna/idna.go:24: cannot find package "golang.org/x/text/unicode/bidi" in any of:
/home/john/go/src/golang.org/x/net/idna/idna.go:25: cannot find package "golang.org/x/text/unicode/norm" in any of:
/home/john/go/src/golang.org/x/net/http2/h2i/h2i.go:38: cannot find package "golang.org/x/crypto/ssh/terminal" in any of:

