/home/john/go-workspace>Finished running tool: /home/john/go-workspace/bin/golint

/home/john/go-workspace>Finished running tool: /usr/bin/go build -i -o /tmp/vscode-go6BRjJa/go-code-check .
# _/home/john/go-workspace
runtime.main_main·f: function main is undeclared in the main package


/home/john/go-workspace>Finished running tool: /usr/bin/go vet ./...
/home/john/go-workspace/src/golang.org/x/net/html/charset/charset.go:20: cannot find package "golang.org/x/text/encoding" in any of:
/home/john/go-workspace/src/golang.org/x/net/html/charset/charset.go:21: cannot find package "golang.org/x/text/encoding/charmap" in any of:
/home/john/go-workspace/src/golang.org/x/net/html/charset/charset.go:22: cannot find package "golang.org/x/text/encoding/htmlindex" in any of:
/home/john/go-workspace/src/golang.org/x/net/html/charset/charset.go:23: cannot find package "golang.org/x/text/transform" in any of:
/home/john/go-workspace/src/golang.org/x/net/idna/idna.go:23: cannot find package "golang.org/x/text/secure/bidirule" in any of:
/home/john/go-workspace/src/golang.org/x/net/idna/idna.go:24: cannot find package "golang.org/x/text/unicode/bidi" in any of:
/home/john/go-workspace/src/golang.org/x/net/idna/idna.go:25: cannot find package "golang.org/x/text/unicode/norm" in any of:
/home/john/go-workspace/src/golang.org/x/net/http2/h2i/h2i.go:38: cannot find package "golang.org/x/crypto/ssh/terminal" in any of:

/home/john/go-workspace>Finished running tool: /home/john/go-workspace/bin/golint

/home/john/go-workspace>Finished running tool: /usr/bin/go build -i -o /tmp/vscode-go6BRjJa/go-code-check .
# _/home/john/go-workspace
runtime.main_main·f: function main is undeclared in the main package


/home/john/go-workspace>Finished running tool: /usr/bin/go vet ./...
/home/john/go-workspace/src/golang.org/x/net/html/charset/charset.go:20: cannot find package "golang.org/x/text/encoding" in any of:
/home/john/go-workspace/src/golang.org/x/net/html/charset/charset.go:21: cannot find package "golang.org/x/text/encoding/charmap" in any of:
/home/john/go-workspace/src/golang.org/x/net/html/charset/charset.go:22: cannot find package "golang.org/x/text/encoding/htmlindex" in any of:
/home/john/go-workspace/src/golang.org/x/net/html/charset/charset.go:23: cannot find package "golang.org/x/text/transform" in any of:
/home/john/go-workspace/src/golang.org/x/net/idna/idna.go:23: cannot find package "golang.org/x/text/secure/bidirule" in any of:
/home/john/go-workspace/src/golang.org/x/net/idna/idna.go:24: cannot find package "golang.org/x/text/unicode/bidi" in any of:
/home/john/go-workspace/src/golang.org/x/net/idna/idna.go:25: cannot find package "golang.org/x/text/unicode/norm" in any of:
/home/john/go-workspace/src/golang.org/x/net/http2/h2i/h2i.go:38: cannot find package "golang.org/x/crypto/ssh/terminal" in any of:

Installing 1 tool at /home/john/go-workspace/bin
  gopkgs

Installing github.com/uudashr/gopkgs/cmd/gopkgs SUCCEEDED

All tools successfully installed. You're ready to Go :).
