[2018-12-28 10:49:21.500] [exthost] [info] extension host started
[2018-12-28 10:49:21.522] [exthost] [info] ExtensionService#_doActivateExtension vscode.debug-auto-launch {"startup":true,"activationEvent":"*"}
[2018-12-28 10:49:21.522] [exthost] [info] ExtensionService#loadCommonJSModule /usr/lib/code/extensions/debug-auto-launch/dist/extension
[2018-12-28 10:49:21.527] [exthost] [info] ExtensionService#_doActivateExtension vscode.emmet {"startup":true,"activationEvent":"*"}
[2018-12-28 10:49:21.527] [exthost] [info] ExtensionService#loadCommonJSModule /usr/lib/code/extensions/emmet/dist/extension
[2018-12-28 10:49:21.544] [exthost] [info] ExtensionService#_doActivateExtension vscode.git {"startup":true,"activationEvent":"*"}
[2018-12-28 10:49:21.544] [exthost] [info] ExtensionService#loadCommonJSModule /usr/lib/code/extensions/git/dist/main
[2018-12-28 10:49:21.643] [exthost] [info] ExtensionService#_doActivateExtension vscode.merge-conflict {"startup":true,"activationEvent":"*"}
[2018-12-28 10:49:21.643] [exthost] [info] ExtensionService#loadCommonJSModule /usr/lib/code/extensions/merge-conflict/dist/extension
[2018-12-28 10:49:21.648] [exthost] [info] ExtensionService#_doActivateExtension eamodio.gitlens {"startup":true,"activationEvent":"*"}
[2018-12-28 10:49:21.648] [exthost] [info] ExtensionService#loadCommonJSModule /home/john/.vscode-oss/extensions/eamodio.gitlens-9.1.0/dist/extension
[2018-12-28 10:49:21.752] [exthost] [info] ExtensionService#_doActivateExtension naumovs.color-highlight {"startup":true,"activationEvent":"*"}
[2018-12-28 10:49:21.752] [exthost] [info] ExtensionService#loadCommonJSModule /home/john/.vscode-oss/extensions/naumovs.color-highlight-2.3.0/dist/extension
[2018-12-28 10:49:21.780] [exthost] [info] ExtensionService#_doActivateExtension PKief.material-icon-theme {"startup":true,"activationEvent":"*"}
[2018-12-28 10:49:21.780] [exthost] [info] ExtensionService#loadCommonJSModule /home/john/.vscode-oss/extensions/pkief.material-icon-theme-3.6.2/out/src/extension
[2018-12-28 10:49:21.806] [exthost] [info] ExtensionService#_doActivateExtension Yummygum.city-lights-icon-vsc {"startup":true,"activationEvent":"*"}
[2018-12-28 10:49:21.806] [exthost] [info] ExtensionService#loadCommonJSModule /home/john/.vscode-oss/extensions/yummygum.city-lights-icon-vsc-1.1.3/out/src/extension
[2018-12-28 10:49:21.851] [exthost] [info] eager extensions activated
[2018-12-28 10:49:30.580] [exthost] [info] extension host started
[2018-12-28 10:49:30.601] [exthost] [info] ExtensionService#_doActivateExtension vscode.debug-auto-launch {"startup":true,"activationEvent":"*"}
[2018-12-28 10:49:30.601] [exthost] [info] ExtensionService#loadCommonJSModule /usr/lib/code/extensions/debug-auto-launch/dist/extension
[2018-12-28 10:49:30.605] [exthost] [info] ExtensionService#_doActivateExtension vscode.emmet {"startup":true,"activationEvent":"*"}
[2018-12-28 10:49:30.605] [exthost] [info] ExtensionService#loadCommonJSModule /usr/lib/code/extensions/emmet/dist/extension
[2018-12-28 10:49:30.621] [exthost] [info] ExtensionService#_doActivateExtension vscode.git {"startup":true,"activationEvent":"*"}
[2018-12-28 10:49:30.621] [exthost] [info] ExtensionService#loadCommonJSModule /usr/lib/code/extensions/git/dist/main
[2018-12-28 10:49:30.716] [exthost] [info] ExtensionService#_doActivateExtension vscode.merge-conflict {"startup":true,"activationEvent":"*"}
[2018-12-28 10:49:30.716] [exthost] [info] ExtensionService#loadCommonJSModule /usr/lib/code/extensions/merge-conflict/dist/extension
[2018-12-28 10:49:30.721] [exthost] [info] ExtensionService#_doActivateExtension eamodio.gitlens {"startup":true,"activationEvent":"*"}
[2018-12-28 10:49:30.721] [exthost] [info] ExtensionService#loadCommonJSModule /home/john/.vscode-oss/extensions/eamodio.gitlens-9.1.0/dist/extension
[2018-12-28 10:49:30.824] [exthost] [info] ExtensionService#_doActivateExtension naumovs.color-highlight {"startup":true,"activationEvent":"*"}
[2018-12-28 10:49:30.824] [exthost] [info] ExtensionService#loadCommonJSModule /home/john/.vscode-oss/extensions/naumovs.color-highlight-2.3.0/dist/extension
[2018-12-28 10:49:30.851] [exthost] [info] ExtensionService#_doActivateExtension PKief.material-icon-theme {"startup":true,"activationEvent":"*"}
[2018-12-28 10:49:30.851] [exthost] [info] ExtensionService#loadCommonJSModule /home/john/.vscode-oss/extensions/pkief.material-icon-theme-3.6.2/out/src/extension
[2018-12-28 10:49:30.877] [exthost] [info] ExtensionService#_doActivateExtension Yummygum.city-lights-icon-vsc {"startup":true,"activationEvent":"*"}
[2018-12-28 10:49:30.877] [exthost] [info] ExtensionService#loadCommonJSModule /home/john/.vscode-oss/extensions/yummygum.city-lights-icon-vsc-1.1.3/out/src/extension
[2018-12-28 10:49:30.920] [exthost] [info] eager extensions activated
[2018-12-28 10:49:54.640] [exthost] [info] ExtensionService#_doActivateExtension ms-vscode.Go {"startup":false,"activationEvent":"onLanguage:go"}
[2018-12-28 10:49:54.640] [exthost] [info] ExtensionService#loadCommonJSModule /home/john/.vscode-oss/extensions/ms-vscode.go-0.8.0/out/src/goMain
